[ 2016-08-25T14:33:28+08:00 ] ::1 /
INFO: [ app_init ] --START--
INFO: Run Behavior\BuildLiteBehavior [ RunTime:0.000011s ]
INFO: [ app_init ] --END-- [ RunTime:0.000347s ]
INFO: [ app_begin ] --START--
INFO: Run Behavior\ReadHtmlCacheBehavior [ RunTime:0.000639s ]
INFO: [ app_begin ] --END-- [ RunTime:0.000679s ]
NOTIC: [8] Undefined variable: pres D:\wwwroot\mall\Application\Home\Controller\CommonController.class.php 第 19 行.
ERR: SQLSTATE[HY000] [1045] Access denied for user 'root'@'localhost' (using password: YES)

[ 2016-08-25T16:03:57+08:00 ] ::1 /
INFO: [ app_init ] --START--
INFO: Run Behavior\BuildLiteBehavior [ RunTime:0.000011s ]
INFO: [ app_init ] --END-- [ RunTime:0.000335s ]
INFO: [ app_begin ] --START--
INFO: Run Behavior\ReadHtmlCacheBehavior [ RunTime:0.000474s ]
INFO: [ app_begin ] --END-- [ RunTime:0.000513s ]
NOTIC: [8] Undefined variable: pres D:\wwwroot\mall\Application\Home\Controller\CommonController.class.php 第 19 行.
SQL: SHOW COLUMNS FROM `cs_cate` [ RunTime:0.0153s ]
SQL: SELECT `id`,`name`,`type` FROM `cs_cate` WHERE `parentid` = 0 AND `pc` = 1 ORDER BY sort asc  [ RunTime:0.0003s ]
SQL: SHOW COLUMNS FROM `cs_link` [ RunTime:0.0035s ]
SQL: SELECT `title`,`url` FROM `cs_link`  [ RunTime:0.0003s ]
SQL: SHOW COLUMNS FROM `cs_article` [ RunTime:0.0035s ]
SQL: SELECT `id`,`title`,`pic`,`rizu` FROM `cs_article` WHERE ( cateid=70 ) ORDER BY id desc LIMIT 3   [ RunTime:0.0004s ]
SQL: SELECT `id`,`title`,`pic`,`rizu` FROM `cs_article` WHERE ( cateid=68 ) ORDER BY id desc  [ RunTime:0.0003s ]
SQL: SELECT `id`,`title`,`time` FROM `cs_article` WHERE ( cateid=69 ) ORDER BY id desc LIMIT 3   [ RunTime:0.0003s ]
INFO: [ view_parse ] --START--
INFO: [ template_filter ] --START--
INFO: Run Behavior\ContentReplaceBehavior [ RunTime:0.000135s ]
INFO: [ template_filter ] --END-- [ RunTime:0.000180s ]
INFO: Run Behavior\ParseTemplateBehavior [ RunTime:0.017143s ]
INFO: [ view_parse ] --END-- [ RunTime:0.017219s ]
INFO: [ view_filter ] --START--
INFO: Run Behavior\WriteHtmlCacheBehavior [ RunTime:0.000322s ]
INFO: [ view_filter ] --END-- [ RunTime:0.000354s ]
INFO: [ app_end ] --START--
INFO: Run Behavior\ShowPageTraceBehavior [ RunTime:0.000721s ]
INFO: [ app_end ] --END-- [ RunTime:0.000777s ]

[ 2016-08-25T16:17:12+08:00 ] ::1 /index.php/Home/Carlist/index/cateid/68
INFO: [ app_init ] --START--
INFO: Run Behavior\BuildLiteBehavior [ RunTime:0.000010s ]
INFO: [ app_init ] --END-- [ RunTime:0.000357s ]
INFO: [ app_begin ] --START--
INFO: Run Behavior\ReadHtmlCacheBehavior [ RunTime:0.000482s ]
INFO: [ app_begin ] --END-- [ RunTime:0.000520s ]
SQL: SHOW COLUMNS FROM `cs_cate` [ RunTime:0.0039s ]
SQL: SELECT * FROM `cs_cate` WHERE `id` = 68 LIMIT 1   [ RunTime:0.0003s ]
SQL: SELECT * FROM `cs_cate` WHERE `id` = 68 LIMIT 1   [ RunTime:0.0002s ]
SQL: SELECT * FROM `cs_cate` WHERE `id` = 68 LIMIT 1   [ RunTime:0.0003s ]
SQL: SELECT * FROM `cs_cate` WHERE ( parentid=68 )  [ RunTime:0.0002s ]
SQL: SELECT * FROM `cs_cate` WHERE ( parentid=68 )  [ RunTime:0.0003s ]
SQL: SELECT `id`,`name`,`type` FROM `cs_cate` WHERE `parentid` = 0 AND `pc` = 1 ORDER BY sort asc  [ RunTime:0.0003s ]
SQL: SHOW COLUMNS FROM `cs_link` [ RunTime:0.0041s ]
SQL: SELECT `title`,`url` FROM `cs_link`  [ RunTime:0.0002s ]
SQL: SHOW COLUMNS FROM `cs_article` [ RunTime:0.0594s ]
SQL: SELECT COUNT(*) AS tp_count FROM `cs_article` WHERE ( cateid=68 ) LIMIT 1   [ RunTime:0.0002s ]
SQL: SELECT * FROM `cs_article` WHERE ( cateid=68 ) ORDER BY time asc LIMIT 0,2   [ RunTime:0.0003s ]
INFO: [ view_parse ] --START--
INFO: [ template_filter ] --START--
INFO: Run Behavior\ContentReplaceBehavior [ RunTime:0.000132s ]
INFO: [ template_filter ] --END-- [ RunTime:0.000174s ]
NOTIC: [8] Undefined variable: contro D:\wwwroot\mall\Application\Runtime\Cache\Home\a48709bca952eced7bd8fa469ec83b13.php 第 152 行.
NOTIC: [8] Undefined variable: son3pid D:\wwwroot\mall\Application\Runtime\Cache\Home\a48709bca952eced7bd8fa469ec83b13.php 第 157 行.
NOTIC: [8] Undefined variable: contro D:\wwwroot\mall\Application\Runtime\Cache\Home\a48709bca952eced7bd8fa469ec83b13.php 第 152 行.
NOTIC: [8] Undefined variable: son3pid D:\wwwroot\mall\Application\Runtime\Cache\Home\a48709bca952eced7bd8fa469ec83b13.php 第 157 行.
NOTIC: [8] Undefined variable: contro D:\wwwroot\mall\Application\Runtime\Cache\Home\a48709bca952eced7bd8fa469ec83b13.php 第 152 行.
NOTIC: [8] Undefined variable: son3pid D:\wwwroot\mall\Application\Runtime\Cache\Home\a48709bca952eced7bd8fa469ec83b13.php 第 157 行.
NOTIC: [8] Undefined variable: contro D:\wwwroot\mall\Application\Runtime\Cache\Home\a48709bca952eced7bd8fa469ec83b13.php 第 152 行.
NOTIC: [8] Undefined variable: son3pid D:\wwwroot\mall\Application\Runtime\Cache\Home\a48709bca952eced7bd8fa469ec83b13.php 第 157 行.
INFO: Run Behavior\ParseTemplateBehavior [ RunTime:0.015855s ]
INFO: [ view_parse ] --END-- [ RunTime:0.015897s ]
INFO: [ view_filter ] --START--
INFO: Run Behavior\WriteHtmlCacheBehavior [ RunTime:0.000329s ]
INFO: [ view_filter ] --END-- [ RunTime:0.000360s ]
INFO: [ app_end ] --START--
INFO: Run Behavior\ShowPageTraceBehavior [ RunTime:0.000526s ]
INFO: [ app_end ] --END-- [ RunTime:0.000567s ]

[ 2016-08-25T16:17:12+08:00 ] ::1 /index.php/Home/Carlist/index/cateid/Public/Uploads/2016-04-27/5720440116c2c.jpg
INFO: [ app_init ] --START--
INFO: Run Behavior\BuildLiteBehavior [ RunTime:0.000016s ]
INFO: [ app_init ] --END-- [ RunTime:0.000455s ]

[ 2016-08-25T16:17:12+08:00 ] ::1 /index.php/Home/Carlist/index/cateid/Public/Uploads/2016-04-27/572043b5b427e.jpg
INFO: [ app_init ] --START--
INFO: Run Behavior\BuildLiteBehavior [ RunTime:0.000015s ]
INFO: [ app_init ] --END-- [ RunTime:0.000465s ]

[ 2016-08-25T16:17:12+08:00 ] ::1 /index.php/Home/Carlist/index/cateid/Public/Uploads/2016-04-27/572043b5b427e.jpg
INFO: [ app_init ] --START--
INFO: Run Behavior\BuildLiteBehavior [ RunTime:0.000013s ]
INFO: [ app_init ] --END-- [ RunTime:0.000319s ]

[ 2016-08-25T16:17:12+08:00 ] ::1 /index.php/Home/Carlist/index/cateid/Public/Uploads/2016-04-27/5720440116c2c.jpg
INFO: [ app_init ] --START--
INFO: Run Behavior\BuildLiteBehavior [ RunTime:0.000013s ]
INFO: [ app_init ] --END-- [ RunTime:0.000378s ]

[ 2016-08-25T16:17:13+08:00 ] ::1 /index.php/Home/Arlist/index/cateid/69
INFO: [ app_init ] --START--
INFO: Run Behavior\BuildLiteBehavior [ RunTime:0.000011s ]
INFO: [ app_init ] --END-- [ RunTime:0.000386s ]
INFO: [ app_begin ] --START--
INFO: Run Behavior\ReadHtmlCacheBehavior [ RunTime:0.000460s ]
INFO: [ app_begin ] --END-- [ RunTime:0.000542s ]
SQL: SHOW COLUMNS FROM `cs_cate` [ RunTime:0.0709s ]
SQL: SELECT * FROM `cs_cate` WHERE `id` = 69 LIMIT 1   [ RunTime:0.0002s ]
SQL: SELECT * FROM `cs_cate` WHERE `id` = 69 LIMIT 1   [ RunTime:0.0002s ]
SQL: SELECT * FROM `cs_cate` WHERE `id` = 69 LIMIT 1   [ RunTime:0.0002s ]
SQL: SELECT * FROM `cs_cate` WHERE ( parentid=69 )  [ RunTime:0.0002s ]
SQL: SELECT * FROM `cs_cate` WHERE ( parentid=69 )  [ RunTime:0.0002s ]
SQL: SELECT `id`,`name`,`type` FROM `cs_cate` WHERE `parentid` = 0 AND `pc` = 1 ORDER BY sort asc  [ RunTime:0.0002s ]
SQL: SHOW COLUMNS FROM `cs_link` [ RunTime:0.0026s ]
SQL: SELECT `title`,`url` FROM `cs_link`  [ RunTime:0.0002s ]
SQL: SHOW COLUMNS FROM `cs_article` [ RunTime:0.0036s ]
SQL: SELECT COUNT(*) AS tp_count FROM `cs_article` WHERE ( cateid=69 ) LIMIT 1   [ RunTime:0.0002s ]
SQL: SELECT * FROM `cs_article` WHERE ( cateid=69 ) ORDER BY time asc LIMIT 0,2   [ RunTime:0.0003s ]
INFO: [ view_parse ] --START--
INFO: [ template_filter ] --START--
INFO: Run Behavior\ContentReplaceBehavior [ RunTime:0.000186s ]
INFO: [ template_filter ] --END-- [ RunTime:0.000255s ]
NOTIC: [8] Undefined variable: contro D:\wwwroot\mall\Application\Runtime\Cache\Home\0b67f368aa9aa7c51ba19e336244a85a.php 第 146 行.
NOTIC: [8] Undefined variable: son3pid D:\wwwroot\mall\Application\Runtime\Cache\Home\0b67f368aa9aa7c51ba19e336244a85a.php 第 151 行.
NOTIC: [8] Undefined variable: contro D:\wwwroot\mall\Application\Runtime\Cache\Home\0b67f368aa9aa7c51ba19e336244a85a.php 第 146 行.
NOTIC: [8] Undefined variable: son3pid D:\wwwroot\mall\Application\Runtime\Cache\Home\0b67f368aa9aa7c51ba19e336244a85a.php 第 151 行.
INFO: Run Behavior\ParseTemplateBehavior [ RunTime:0.021393s ]
INFO: [ view_parse ] --END-- [ RunTime:0.021435s ]
INFO: [ view_filter ] --START--
INFO: Run Behavior\WriteHtmlCacheBehavior [ RunTime:0.000320s ]
INFO: [ view_filter ] --END-- [ RunTime:0.000349s ]
INFO: [ app_end ] --START--
INFO: Run Behavior\ShowPageTraceBehavior [ RunTime:0.000667s ]
INFO: [ app_end ] --END-- [ RunTime:0.000726s ]

